2022-03-02 11:22:09.639  INFO 24264 --- [main] c.g.SpringGamestoreRestapiApplication    : Starting SpringGamestoreRestapiApplication using Java 11.0.12 on Sharmila with PID 24264 (C:\Users\SharmilaS\Training\IntellijiProjects\springdemos\spring-gamestore-restapi\target\classes started by SharmilaS in C:\Users\SharmilaS\Training\IntellijiProjects\springdemos\spring-gamestore-restapi)
2022-03-02 11:22:09.651  INFO 24264 --- [main] c.g.SpringGamestoreRestapiApplication    : No active profile set, falling back to default profiles: default
2022-03-02 11:22:10.593  INFO 24264 --- [main] .s.d.r.c.RepositoryConfigurationDelegate : Bootstrapping Spring Data JPA repositories in DEFAULT mode.
2022-03-02 11:22:10.704  INFO 24264 --- [main] .s.d.r.c.RepositoryConfigurationDelegate : Finished Spring Data repository scanning in 97 ms. Found 4 JPA repository interfaces.
2022-03-02 11:22:11.842  INFO 24264 --- [main] o.s.b.w.embedded.tomcat.TomcatWebServer  : Tomcat initialized with port(s): 8080 (http)
2022-03-02 11:22:11.853  INFO 24264 --- [main] o.apache.catalina.core.StandardService   : Starting service [Tomcat]
2022-03-02 11:22:11.853  INFO 24264 --- [main] org.apache.catalina.core.StandardEngine  : Starting Servlet engine: [Apache Tomcat/9.0.55]
2022-03-02 11:22:11.971  INFO 24264 --- [main] o.a.c.c.C.[Tomcat].[localhost].[/]       : Initializing Spring embedded WebApplicationContext
2022-03-02 11:22:11.971  INFO 24264 --- [main] w.s.c.ServletWebServerApplicationContext : Root WebApplicationContext: initialization completed in 2239 ms
2022-03-02 11:22:12.230  INFO 24264 --- [main] o.hibernate.jpa.internal.util.LogHelper  : HHH000204: Processing PersistenceUnitInfo [name: default]
2022-03-02 11:22:12.320  INFO 24264 --- [main] org.hibernate.Version                    : HHH000412: Hibernate ORM core version 5.4.32.Final
2022-03-02 11:22:12.522  INFO 24264 --- [main] o.hibernate.annotations.common.Version   : HCANN000001: Hibernate Commons Annotations {5.1.2.Final}
2022-03-02 11:22:12.651  INFO 24264 --- [main] com.zaxxer.hikari.HikariDataSource       : HikariPool-1 - Starting...
2022-03-02 11:22:13.186  INFO 24264 --- [main] com.zaxxer.hikari.HikariDataSource       : HikariPool-1 - Start completed.
2022-03-02 11:22:13.214  INFO 24264 --- [main] org.hibernate.dialect.Dialect            : HHH000400: Using dialect: org.hibernate.dialect.MySQL5Dialect
2022-03-02 11:22:14.488  INFO 24264 --- [main] o.h.e.t.j.p.i.JtaPlatformInitiator       : HHH000490: Using JtaPlatform implementation: [org.hibernate.engine.transaction.jta.platform.internal.NoJtaPlatform]
2022-03-02 11:22:14.498  INFO 24264 --- [main] j.LocalContainerEntityManagerFactoryBean : Initialized JPA EntityManagerFactory for persistence unit 'default'
2022-03-02 11:22:15.313  WARN 24264 --- [main] JpaBaseConfiguration$JpaWebConfiguration : spring.jpa.open-in-view is enabled by default. Therefore, database queries may be performed during view rendering. Explicitly configure spring.jpa.open-in-view to disable this warning
2022-03-02 11:22:15.723  INFO 24264 --- [main] .s.s.UserDetailsServiceAutoConfiguration : 

Using generated security password: 1f801c0f-d4af-4246-87a5-3e7246281dfd

2022-03-02 11:22:15.900  INFO 24264 --- [main] o.s.s.web.DefaultSecurityFilterChain     : Will secure any request with [org.springframework.security.web.context.request.async.WebAsyncManagerIntegrationFilter@3c29f6be, org.springframework.security.web.context.SecurityContextPersistenceFilter@5a079446, org.springframework.security.web.header.HeaderWriterFilter@6258f9d1, org.springframework.security.web.csrf.CsrfFilter@646ddc20, org.springframework.security.web.authentication.logout.LogoutFilter@54fffa5a, org.springframework.security.web.authentication.UsernamePasswordAuthenticationFilter@5e94947e, org.springframework.security.web.authentication.ui.DefaultLoginPageGeneratingFilter@5b78a946, org.springframework.security.web.authentication.ui.DefaultLogoutPageGeneratingFilter@5519ef7d, org.springframework.security.web.authentication.www.BasicAuthenticationFilter@408b2ae2, org.springframework.security.web.savedrequest.RequestCacheAwareFilter@118f2486, org.springframework.security.web.servletapi.SecurityContextHolderAwareRequestFilter@4a3404fa, org.springframework.security.web.authentication.AnonymousAuthenticationFilter@4c5c0306, org.springframework.security.web.session.SessionManagementFilter@3cd89c72, org.springframework.security.web.access.ExceptionTranslationFilter@64acf8d2, org.springframework.security.web.access.intercept.FilterSecurityInterceptor@531292ed]
2022-03-02 11:22:15.987  INFO 24264 --- [main] o.s.b.w.embedded.tomcat.TomcatWebServer  : Tomcat started on port(s): 8080 (http) with context path ''
2022-03-02 11:22:15.997  INFO 24264 --- [main] c.g.SpringGamestoreRestapiApplication    : Started SpringGamestoreRestapiApplication in 7.075 seconds (JVM running for 7.738)
2022-03-02 11:30:27.086  INFO 24264 --- [SpringApplicationShutdownHook] j.LocalContainerEntityManagerFactoryBean : Closing JPA EntityManagerFactory for persistence unit 'default'
2022-03-02 11:30:27.094  INFO 24264 --- [SpringApplicationShutdownHook] com.zaxxer.hikari.HikariDataSource       : HikariPool-1 - Shutdown initiated...
2022-03-02 11:30:27.139  INFO 24264 --- [SpringApplicationShutdownHook] com.zaxxer.hikari.HikariDataSource       : HikariPool-1 - Shutdown completed.
2022-03-02 11:30:30.966  INFO 6340 --- [main] c.g.SpringGamestoreRestapiApplication    : Starting SpringGamestoreRestapiApplication using Java 11.0.12 on Sharmila with PID 6340 (C:\Users\SharmilaS\Training\IntellijiProjects\springdemos\spring-gamestore-restapi\target\classes started by SharmilaS in C:\Users\SharmilaS\Training\IntellijiProjects\springdemos\spring-gamestore-restapi)
2022-03-02 11:30:30.970  INFO 6340 --- [main] c.g.SpringGamestoreRestapiApplication    : No active profile set, falling back to default profiles: default
2022-03-02 11:30:31.903  INFO 6340 --- [main] .s.d.r.c.RepositoryConfigurationDelegate : Bootstrapping Spring Data JPA repositories in DEFAULT mode.
2022-03-02 11:30:31.994  INFO 6340 --- [main] .s.d.r.c.RepositoryConfigurationDelegate : Finished Spring Data repository scanning in 76 ms. Found 4 JPA repository interfaces.
2022-03-02 11:30:33.030  INFO 6340 --- [main] o.s.b.w.embedded.tomcat.TomcatWebServer  : Tomcat initialized with port(s): 8080 (http)
2022-03-02 11:30:33.041  INFO 6340 --- [main] o.apache.catalina.core.StandardService   : Starting service [Tomcat]
2022-03-02 11:30:33.042  INFO 6340 --- [main] org.apache.catalina.core.StandardEngine  : Starting Servlet engine: [Apache Tomcat/9.0.55]
2022-03-02 11:30:33.157  INFO 6340 --- [main] o.a.c.c.C.[Tomcat].[localhost].[/]       : Initializing Spring embedded WebApplicationContext
2022-03-02 11:30:33.159  INFO 6340 --- [main] w.s.c.ServletWebServerApplicationContext : Root WebApplicationContext: initialization completed in 2086 ms
2022-03-02 11:30:33.420  INFO 6340 --- [main] o.hibernate.jpa.internal.util.LogHelper  : HHH000204: Processing PersistenceUnitInfo [name: default]
2022-03-02 11:30:33.472  INFO 6340 --- [main] org.hibernate.Version                    : HHH000412: Hibernate ORM core version 5.4.32.Final
2022-03-02 11:30:33.631  INFO 6340 --- [main] o.hibernate.annotations.common.Version   : HCANN000001: Hibernate Commons Annotations {5.1.2.Final}
2022-03-02 11:30:33.743  INFO 6340 --- [main] com.zaxxer.hikari.HikariDataSource       : HikariPool-1 - Starting...
2022-03-02 11:30:34.161  INFO 6340 --- [main] com.zaxxer.hikari.HikariDataSource       : HikariPool-1 - Start completed.
2022-03-02 11:30:34.187  INFO 6340 --- [main] org.hibernate.dialect.Dialect            : HHH000400: Using dialect: org.hibernate.dialect.MySQL5Dialect
2022-03-02 11:30:35.540  INFO 6340 --- [main] o.h.e.t.j.p.i.JtaPlatformInitiator       : HHH000490: Using JtaPlatform implementation: [org.hibernate.engine.transaction.jta.platform.internal.NoJtaPlatform]
2022-03-02 11:30:35.551  INFO 6340 --- [main] j.LocalContainerEntityManagerFactoryBean : Initialized JPA EntityManagerFactory for persistence unit 'default'
2022-03-02 11:30:36.489  WARN 6340 --- [main] JpaBaseConfiguration$JpaWebConfiguration : spring.jpa.open-in-view is enabled by default. Therefore, database queries may be performed during view rendering. Explicitly configure spring.jpa.open-in-view to disable this warning
2022-03-02 11:30:36.972  INFO 6340 --- [main] .s.s.UserDetailsServiceAutoConfiguration : 

Using generated security password: 133912fa-d311-43f9-8909-2e0bba5dc8bb

2022-03-02 11:30:37.150  INFO 6340 --- [main] o.s.s.web.DefaultSecurityFilterChain     : Will secure any request with [org.springframework.security.web.context.request.async.WebAsyncManagerIntegrationFilter@33478a2f, org.springframework.security.web.context.SecurityContextPersistenceFilter@646ddc20, org.springframework.security.web.header.HeaderWriterFilter@54fd5759, org.springframework.security.web.csrf.CsrfFilter@6a6e410c, org.springframework.security.web.authentication.logout.LogoutFilter@4a3404fa, org.springframework.security.web.authentication.UsernamePasswordAuthenticationFilter@460df441, org.springframework.security.web.authentication.ui.DefaultLoginPageGeneratingFilter@4ee19768, org.springframework.security.web.authentication.ui.DefaultLogoutPageGeneratingFilter@24e31f06, org.springframework.security.web.authentication.www.BasicAuthenticationFilter@53654b2d, org.springframework.security.web.savedrequest.RequestCacheAwareFilter@32153bbe, org.springframework.security.web.servletapi.SecurityContextHolderAwareRequestFilter@4b37d1a4, org.springframework.security.web.authentication.AnonymousAuthenticationFilter@5d260494, org.springframework.security.web.session.SessionManagementFilter@893081e, org.springframework.security.web.access.ExceptionTranslationFilter@6500e886, org.springframework.security.web.access.intercept.FilterSecurityInterceptor@27bc2650]
2022-03-02 11:30:37.274  INFO 6340 --- [main] o.s.b.w.embedded.tomcat.TomcatWebServer  : Tomcat started on port(s): 8080 (http) with context path ''
2022-03-02 11:30:37.291  INFO 6340 --- [main] c.g.SpringGamestoreRestapiApplication    : Started SpringGamestoreRestapiApplication in 7.007 seconds (JVM running for 7.632)
2022-03-02 11:58:59.234  INFO 6340 --- [SpringApplicationShutdownHook] j.LocalContainerEntityManagerFactoryBean : Closing JPA EntityManagerFactory for persistence unit 'default'
2022-03-02 11:58:59.242  INFO 6340 --- [SpringApplicationShutdownHook] com.zaxxer.hikari.HikariDataSource       : HikariPool-1 - Shutdown initiated...
2022-03-02 11:58:59.286  INFO 6340 --- [SpringApplicationShutdownHook] com.zaxxer.hikari.HikariDataSource       : HikariPool-1 - Shutdown completed.
2022-03-02 11:59:04.033  INFO 28556 --- [main] c.g.SpringGamestoreRestapiApplication    : Starting SpringGamestoreRestapiApplication using Java 11.0.12 on Sharmila with PID 28556 (C:\Users\SharmilaS\Training\IntellijiProjects\springdemos\spring-gamestore-restapi\target\classes started by SharmilaS in C:\Users\SharmilaS\Training\IntellijiProjects\springdemos\spring-gamestore-restapi)
2022-03-02 11:59:04.040  INFO 28556 --- [main] c.g.SpringGamestoreRestapiApplication    : No active profile set, falling back to default profiles: default
2022-03-02 11:59:05.597  INFO 28556 --- [main] .s.d.r.c.RepositoryConfigurationDelegate : Bootstrapping Spring Data JPA repositories in DEFAULT mode.
2022-03-02 11:59:05.750  INFO 28556 --- [main] .s.d.r.c.RepositoryConfigurationDelegate : Finished Spring Data repository scanning in 125 ms. Found 4 JPA repository interfaces.
2022-03-02 11:59:07.258  INFO 28556 --- [main] o.s.b.w.embedded.tomcat.TomcatWebServer  : Tomcat initialized with port(s): 8080 (http)
2022-03-02 11:59:07.271  INFO 28556 --- [main] o.apache.catalina.core.StandardService   : Starting service [Tomcat]
2022-03-02 11:59:07.271  INFO 28556 --- [main] org.apache.catalina.core.StandardEngine  : Starting Servlet engine: [Apache Tomcat/9.0.55]
2022-03-02 11:59:07.410  INFO 28556 --- [main] o.a.c.c.C.[Tomcat].[localhost].[/]       : Initializing Spring embedded WebApplicationContext
2022-03-02 11:59:07.410  INFO 28556 --- [main] w.s.c.ServletWebServerApplicationContext : Root WebApplicationContext: initialization completed in 3211 ms
2022-03-02 11:59:07.741  INFO 28556 --- [main] o.hibernate.jpa.internal.util.LogHelper  : HHH000204: Processing PersistenceUnitInfo [name: default]
2022-03-02 11:59:07.830  INFO 28556 --- [main] org.hibernate.Version                    : HHH000412: Hibernate ORM core version 5.4.32.Final
2022-03-02 11:59:08.060  INFO 28556 --- [main] o.hibernate.annotations.common.Version   : HCANN000001: Hibernate Commons Annotations {5.1.2.Final}
2022-03-02 11:59:08.210  INFO 28556 --- [main] com.zaxxer.hikari.HikariDataSource       : HikariPool-1 - Starting...
2022-03-02 11:59:08.689  INFO 28556 --- [main] com.zaxxer.hikari.HikariDataSource       : HikariPool-1 - Start completed.
2022-03-02 11:59:08.720  INFO 28556 --- [main] org.hibernate.dialect.Dialect            : HHH000400: Using dialect: org.hibernate.dialect.MySQL5Dialect
2022-03-02 11:59:10.233  INFO 28556 --- [main] o.h.e.t.j.p.i.JtaPlatformInitiator       : HHH000490: Using JtaPlatform implementation: [org.hibernate.engine.transaction.jta.platform.internal.NoJtaPlatform]
2022-03-02 11:59:10.245  INFO 28556 --- [main] j.LocalContainerEntityManagerFactoryBean : Initialized JPA EntityManagerFactory for persistence unit 'default'
2022-03-02 11:59:11.447  WARN 28556 --- [main] JpaBaseConfiguration$JpaWebConfiguration : spring.jpa.open-in-view is enabled by default. Therefore, database queries may be performed during view rendering. Explicitly configure spring.jpa.open-in-view to disable this warning
2022-03-02 11:59:12.025  INFO 28556 --- [main] .s.s.UserDetailsServiceAutoConfiguration : 

Using generated security password: 4e2b9171-5528-4660-95db-c8f602188afe

2022-03-02 11:59:12.290  INFO 28556 --- [main] o.s.s.web.DefaultSecurityFilterChain     : Will secure any request with [org.springframework.security.web.context.request.async.WebAsyncManagerIntegrationFilter@5e94947e, org.springframework.security.web.context.SecurityContextPersistenceFilter@4ee19768, org.springframework.security.web.header.HeaderWriterFilter@34114276, org.springframework.security.web.csrf.CsrfFilter@16f62062, org.springframework.security.web.authentication.logout.LogoutFilter@5192b301, org.springframework.security.web.authentication.UsernamePasswordAuthenticationFilter@45b2b0ed, org.springframework.security.web.authentication.ui.DefaultLoginPageGeneratingFilter@7fb46c10, org.springframework.security.web.authentication.ui.DefaultLogoutPageGeneratingFilter@4a1c14a6, org.springframework.security.web.authentication.www.BasicAuthenticationFilter@44d2bbc0, org.springframework.security.web.savedrequest.RequestCacheAwareFilter@1c879f07, org.springframework.security.web.servletapi.SecurityContextHolderAwareRequestFilter@64acf8d2, org.springframework.security.web.authentication.AnonymousAuthenticationFilter@1bc1aa9e, org.springframework.security.web.session.SessionManagementFilter@5923210, org.springframework.security.web.access.ExceptionTranslationFilter@50e4d8cd, org.springframework.security.web.access.intercept.FilterSecurityInterceptor@5bc1903]
2022-03-02 11:59:12.403  INFO 28556 --- [main] o.s.b.w.embedded.tomcat.TomcatWebServer  : Tomcat started on port(s): 8080 (http) with context path ''
2022-03-02 11:59:12.425  INFO 28556 --- [main] c.g.SpringGamestoreRestapiApplication    : Started SpringGamestoreRestapiApplication in 9.358 seconds (JVM running for 10.294)
2022-03-02 13:24:30.777  WARN 28556 --- [HikariPool-1 housekeeper] com.zaxxer.hikari.pool.HikariPool        : HikariPool-1 - Thread starvation or clock leap detected (housekeeper delta=26m20s918ms821µs).
2022-03-02 13:37:17.630  WARN 28556 --- [HikariPool-1 housekeeper] com.zaxxer.hikari.pool.HikariPool        : HikariPool-1 - Thread starvation or clock leap detected (housekeeper delta=2m46s675ms720µs800ns).
2022-03-02 14:15:34.540  WARN 28556 --- [HikariPool-1 housekeeper] com.zaxxer.hikari.pool.HikariPool        : HikariPool-1 - Thread starvation or clock leap detected (housekeeper delta=3m46s370ms403µs600ns).
2022-03-02 14:58:40.527  INFO 28556 --- [SpringApplicationShutdownHook] j.LocalContainerEntityManagerFactoryBean : Closing JPA EntityManagerFactory for persistence unit 'default'
2022-03-02 14:58:40.529  INFO 28556 --- [SpringApplicationShutdownHook] com.zaxxer.hikari.HikariDataSource       : HikariPool-1 - Shutdown initiated...
2022-03-02 14:58:40.536  INFO 28556 --- [SpringApplicationShutdownHook] com.zaxxer.hikari.HikariDataSource       : HikariPool-1 - Shutdown completed.
2022-03-02 15:21:00.851  INFO 26056 --- [main] c.g.SpringGamestoreRestapiApplication    : Starting SpringGamestoreRestapiApplication using Java 11.0.12 on Sharmila with PID 26056 (C:\Users\SharmilaS\Training\IntellijiProjects\springdemos\spring-gamestore-restapi\target\classes started by SharmilaS in C:\Users\SharmilaS\Training\IntellijiProjects\springdemos\spring-gamestore-restapi)
2022-03-02 15:21:00.856  INFO 26056 --- [main] c.g.SpringGamestoreRestapiApplication    : No active profile set, falling back to default profiles: default
2022-03-02 15:21:01.689  INFO 26056 --- [main] .s.d.r.c.RepositoryConfigurationDelegate : Bootstrapping Spring Data JPA repositories in DEFAULT mode.
2022-03-02 15:21:01.780  INFO 26056 --- [main] .s.d.r.c.RepositoryConfigurationDelegate : Finished Spring Data repository scanning in 80 ms. Found 4 JPA repository interfaces.
2022-03-02 15:21:02.990  INFO 26056 --- [main] o.s.b.w.embedded.tomcat.TomcatWebServer  : Tomcat initialized with port(s): 8080 (http)
2022-03-02 15:21:03.007  INFO 26056 --- [main] o.apache.catalina.core.StandardService   : Starting service [Tomcat]
2022-03-02 15:21:03.008  INFO 26056 --- [main] org.apache.catalina.core.StandardEngine  : Starting Servlet engine: [Apache Tomcat/9.0.55]
2022-03-02 15:21:03.126  INFO 26056 --- [main] o.a.c.c.C.[Tomcat].[localhost].[/]       : Initializing Spring embedded WebApplicationContext
2022-03-02 15:21:03.127  INFO 26056 --- [main] w.s.c.ServletWebServerApplicationContext : Root WebApplicationContext: initialization completed in 2172 ms
2022-03-02 15:21:03.374  INFO 26056 --- [main] o.hibernate.jpa.internal.util.LogHelper  : HHH000204: Processing PersistenceUnitInfo [name: default]
2022-03-02 15:21:03.451  INFO 26056 --- [main] org.hibernate.Version                    : HHH000412: Hibernate ORM core version 5.4.32.Final
2022-03-02 15:21:03.633  INFO 26056 --- [main] o.hibernate.annotations.common.Version   : HCANN000001: Hibernate Commons Annotations {5.1.2.Final}
2022-03-02 15:21:03.768  INFO 26056 --- [main] com.zaxxer.hikari.HikariDataSource       : HikariPool-1 - Starting...
2022-03-02 15:21:04.233  INFO 26056 --- [main] com.zaxxer.hikari.HikariDataSource       : HikariPool-1 - Start completed.
2022-03-02 15:21:04.260  INFO 26056 --- [main] org.hibernate.dialect.Dialect            : HHH000400: Using dialect: org.hibernate.dialect.MySQL5Dialect
2022-03-02 15:21:05.499  INFO 26056 --- [main] o.h.e.t.j.p.i.JtaPlatformInitiator       : HHH000490: Using JtaPlatform implementation: [org.hibernate.engine.transaction.jta.platform.internal.NoJtaPlatform]
2022-03-02 15:21:05.510  INFO 26056 --- [main] j.LocalContainerEntityManagerFactoryBean : Initialized JPA EntityManagerFactory for persistence unit 'default'
2022-03-02 15:21:06.300  WARN 26056 --- [main] JpaBaseConfiguration$JpaWebConfiguration : spring.jpa.open-in-view is enabled by default. Therefore, database queries may be performed during view rendering. Explicitly configure spring.jpa.open-in-view to disable this warning
2022-03-02 15:21:06.728  INFO 26056 --- [main] .s.s.UserDetailsServiceAutoConfiguration : 

Using generated security password: e77396fb-c507-49b1-abb3-9d925001fb31

2022-03-02 15:21:06.897  INFO 26056 --- [main] o.s.s.web.DefaultSecurityFilterChain     : Will secure any request with [org.springframework.security.web.context.request.async.WebAsyncManagerIntegrationFilter@5fe024a7, org.springframework.security.web.context.SecurityContextPersistenceFilter@22f7bf36, org.springframework.security.web.header.HeaderWriterFilter@694c0ed1, org.springframework.security.web.csrf.CsrfFilter@50e4d8cd, org.springframework.security.web.authentication.logout.LogoutFilter@1185b0b7, org.springframework.security.web.authentication.UsernamePasswordAuthenticationFilter@4e68aede, org.springframework.security.web.authentication.ui.DefaultLoginPageGeneratingFilter@1fa24e7, org.springframework.security.web.authentication.ui.DefaultLogoutPageGeneratingFilter@7388486e, org.springframework.security.web.authentication.www.BasicAuthenticationFilter@3677c508, org.springframework.security.web.savedrequest.RequestCacheAwareFilter@3fb4beb1, org.springframework.security.web.servletapi.SecurityContextHolderAwareRequestFilter@5b78a946, org.springframework.security.web.authentication.AnonymousAuthenticationFilter@7bdf8c92, org.springframework.security.web.session.SessionManagementFilter@4d071e4b, org.springframework.security.web.access.ExceptionTranslationFilter@7fb46c10, org.springframework.security.web.access.intercept.FilterSecurityInterceptor@5e94947e]
2022-03-02 15:21:06.984  INFO 26056 --- [main] o.s.b.w.embedded.tomcat.TomcatWebServer  : Tomcat started on port(s): 8080 (http) with context path ''
2022-03-02 15:21:06.996  INFO 26056 --- [main] c.g.SpringGamestoreRestapiApplication    : Started SpringGamestoreRestapiApplication in 6.693 seconds (JVM running for 7.229)
2022-03-02 15:28:35.570  INFO 26056 --- [SpringApplicationShutdownHook] j.LocalContainerEntityManagerFactoryBean : Closing JPA EntityManagerFactory for persistence unit 'default'
2022-03-02 15:28:35.575  INFO 26056 --- [SpringApplicationShutdownHook] com.zaxxer.hikari.HikariDataSource       : HikariPool-1 - Shutdown initiated...
2022-03-02 15:28:35.608  INFO 26056 --- [SpringApplicationShutdownHook] com.zaxxer.hikari.HikariDataSource       : HikariPool-1 - Shutdown completed.
2022-03-02 15:34:16.446  INFO 22788 --- [main] c.g.SpringGamestoreRestapiApplication    : Starting SpringGamestoreRestapiApplication using Java 11.0.12 on Sharmila with PID 22788 (C:\Users\SharmilaS\Training\IntellijiProjects\springdemos\spring-gamestore-restapi\target\classes started by SharmilaS in C:\Users\SharmilaS\Training\IntellijiProjects\springdemos\spring-gamestore-restapi)
2022-03-02 15:34:16.449  INFO 22788 --- [main] c.g.SpringGamestoreRestapiApplication    : No active profile set, falling back to default profiles: default
2022-03-02 15:34:17.334  INFO 22788 --- [main] .s.d.r.c.RepositoryConfigurationDelegate : Bootstrapping Spring Data JPA repositories in DEFAULT mode.
2022-03-02 15:34:17.419  INFO 22788 --- [main] .s.d.r.c.RepositoryConfigurationDelegate : Finished Spring Data repository scanning in 73 ms. Found 4 JPA repository interfaces.
2022-03-02 15:34:18.354  INFO 22788 --- [main] o.s.b.w.embedded.tomcat.TomcatWebServer  : Tomcat initialized with port(s): 8080 (http)
2022-03-02 15:34:18.364  INFO 22788 --- [main] o.apache.catalina.core.StandardService   : Starting service [Tomcat]
2022-03-02 15:34:18.365  INFO 22788 --- [main] org.apache.catalina.core.StandardEngine  : Starting Servlet engine: [Apache Tomcat/9.0.55]
2022-03-02 15:34:18.461  INFO 22788 --- [main] o.a.c.c.C.[Tomcat].[localhost].[/]       : Initializing Spring embedded WebApplicationContext
2022-03-02 15:34:18.462  INFO 22788 --- [main] w.s.c.ServletWebServerApplicationContext : Root WebApplicationContext: initialization completed in 1886 ms
2022-03-02 15:34:18.818  INFO 22788 --- [main] o.hibernate.jpa.internal.util.LogHelper  : HHH000204: Processing PersistenceUnitInfo [name: default]
2022-03-02 15:34:18.895  INFO 22788 --- [main] org.hibernate.Version                    : HHH000412: Hibernate ORM core version 5.4.32.Final
2022-03-02 15:34:19.093  INFO 22788 --- [main] o.hibernate.annotations.common.Version   : HCANN000001: Hibernate Commons Annotations {5.1.2.Final}
2022-03-02 15:34:19.208  INFO 22788 --- [main] com.zaxxer.hikari.HikariDataSource       : HikariPool-1 - Starting...
2022-03-02 15:34:19.571  INFO 22788 --- [main] com.zaxxer.hikari.HikariDataSource       : HikariPool-1 - Start completed.
2022-03-02 15:34:19.594  INFO 22788 --- [main] org.hibernate.dialect.Dialect            : HHH000400: Using dialect: org.hibernate.dialect.MySQL5Dialect
2022-03-02 15:34:20.741  INFO 22788 --- [main] o.h.e.t.j.p.i.JtaPlatformInitiator       : HHH000490: Using JtaPlatform implementation: [org.hibernate.engine.transaction.jta.platform.internal.NoJtaPlatform]
2022-03-02 15:34:20.758  INFO 22788 --- [main] j.LocalContainerEntityManagerFactoryBean : Initialized JPA EntityManagerFactory for persistence unit 'default'
2022-03-02 15:34:21.559  WARN 22788 --- [main] JpaBaseConfiguration$JpaWebConfiguration : spring.jpa.open-in-view is enabled by default. Therefore, database queries may be performed during view rendering. Explicitly configure spring.jpa.open-in-view to disable this warning
2022-03-02 15:34:21.970  INFO 22788 --- [main] .s.s.UserDetailsServiceAutoConfiguration : 

Using generated security password: c08c68f0-d361-4bdc-b65d-3d6b16805edd

2022-03-02 15:34:22.130  INFO 22788 --- [main] o.s.s.web.DefaultSecurityFilterChain     : Will secure any request with [org.springframework.security.web.context.request.async.WebAsyncManagerIntegrationFilter@3efd3302, org.springframework.security.web.context.SecurityContextPersistenceFilter@50e4d8cd, org.springframework.security.web.header.HeaderWriterFilter@22561412, org.springframework.security.web.csrf.CsrfFilter@5d782a4a, org.springframework.security.web.authentication.logout.LogoutFilter@5b78a946, org.springframework.security.web.authentication.UsernamePasswordAuthenticationFilter@568fd3de, org.springframework.security.web.authentication.ui.DefaultLoginPageGeneratingFilter@44f338ec, org.springframework.security.web.authentication.ui.DefaultLogoutPageGeneratingFilter@531292ed, org.springframework.security.web.authentication.www.BasicAuthenticationFilter@d43f205, org.springframework.security.web.savedrequest.RequestCacheAwareFilter@34114276, org.springframework.security.web.servletapi.SecurityContextHolderAwareRequestFilter@4ee19768, org.springframework.security.web.authentication.AnonymousAuthenticationFilter@41538150, org.springframework.security.web.session.SessionManagementFilter@4806fbf7, org.springframework.security.web.access.ExceptionTranslationFilter@5a941fb4, org.springframework.security.web.access.intercept.FilterSecurityInterceptor@460df441]
2022-03-02 15:34:22.226  INFO 22788 --- [main] o.s.b.w.embedded.tomcat.TomcatWebServer  : Tomcat started on port(s): 8080 (http) with context path ''
2022-03-02 15:34:22.237  INFO 22788 --- [main] c.g.SpringGamestoreRestapiApplication    : Started SpringGamestoreRestapiApplication in 6.386 seconds (JVM running for 6.941)
2022-03-02 15:36:16.573  INFO 22788 --- [SpringApplicationShutdownHook] j.LocalContainerEntityManagerFactoryBean : Closing JPA EntityManagerFactory for persistence unit 'default'
2022-03-02 15:36:16.579  INFO 22788 --- [SpringApplicationShutdownHook] com.zaxxer.hikari.HikariDataSource       : HikariPool-1 - Shutdown initiated...
2022-03-02 15:36:16.622  INFO 22788 --- [SpringApplicationShutdownHook] com.zaxxer.hikari.HikariDataSource       : HikariPool-1 - Shutdown completed.
2022-03-02 15:39:58.993  INFO 12648 --- [main] c.g.SpringGamestoreRestapiApplication    : Starting SpringGamestoreRestapiApplication using Java 11.0.12 on Sharmila with PID 12648 (C:\Users\SharmilaS\Training\IntellijiProjects\springdemos\spring-gamestore-restapi\target\classes started by SharmilaS in C:\Users\SharmilaS\Training\IntellijiProjects\springdemos\spring-gamestore-restapi)
2022-03-02 15:39:58.996  INFO 12648 --- [main] c.g.SpringGamestoreRestapiApplication    : No active profile set, falling back to default profiles: default
2022-03-02 15:40:00.049  INFO 12648 --- [main] .s.d.r.c.RepositoryConfigurationDelegate : Bootstrapping Spring Data JPA repositories in DEFAULT mode.
2022-03-02 15:40:00.148  INFO 12648 --- [main] .s.d.r.c.RepositoryConfigurationDelegate : Finished Spring Data repository scanning in 86 ms. Found 4 JPA repository interfaces.
2022-03-02 15:40:01.108  INFO 12648 --- [main] o.s.b.w.embedded.tomcat.TomcatWebServer  : Tomcat initialized with port(s): 8080 (http)
2022-03-02 15:40:01.120  INFO 12648 --- [main] o.apache.catalina.core.StandardService   : Starting service [Tomcat]
2022-03-02 15:40:01.122  INFO 12648 --- [main] org.apache.catalina.core.StandardEngine  : Starting Servlet engine: [Apache Tomcat/9.0.55]
2022-03-02 15:40:01.215  INFO 12648 --- [main] o.a.c.c.C.[Tomcat].[localhost].[/]       : Initializing Spring embedded WebApplicationContext
2022-03-02 15:40:01.216  INFO 12648 --- [main] w.s.c.ServletWebServerApplicationContext : Root WebApplicationContext: initialization completed in 2142 ms
2022-03-02 15:40:01.452  INFO 12648 --- [main] o.hibernate.jpa.internal.util.LogHelper  : HHH000204: Processing PersistenceUnitInfo [name: default]
2022-03-02 15:40:01.512  INFO 12648 --- [main] org.hibernate.Version                    : HHH000412: Hibernate ORM core version 5.4.32.Final
2022-03-02 15:40:01.643  INFO 12648 --- [main] o.hibernate.annotations.common.Version   : HCANN000001: Hibernate Commons Annotations {5.1.2.Final}
2022-03-02 15:40:01.767  INFO 12648 --- [main] com.zaxxer.hikari.HikariDataSource       : HikariPool-1 - Starting...
2022-03-02 15:40:02.104  INFO 12648 --- [main] com.zaxxer.hikari.HikariDataSource       : HikariPool-1 - Start completed.
2022-03-02 15:40:02.126  INFO 12648 --- [main] org.hibernate.dialect.Dialect            : HHH000400: Using dialect: org.hibernate.dialect.MySQL5Dialect
2022-03-02 15:40:03.322  INFO 12648 --- [main] o.h.e.t.j.p.i.JtaPlatformInitiator       : HHH000490: Using JtaPlatform implementation: [org.hibernate.engine.transaction.jta.platform.internal.NoJtaPlatform]
2022-03-02 15:40:03.331  INFO 12648 --- [main] j.LocalContainerEntityManagerFactoryBean : Initialized JPA EntityManagerFactory for persistence unit 'default'
2022-03-02 15:40:04.107  WARN 12648 --- [main] JpaBaseConfiguration$JpaWebConfiguration : spring.jpa.open-in-view is enabled by default. Therefore, database queries may be performed during view rendering. Explicitly configure spring.jpa.open-in-view to disable this warning
2022-03-02 15:40:04.510  INFO 12648 --- [main] .s.s.UserDetailsServiceAutoConfiguration : 

Using generated security password: af48d87e-0837-4745-864e-848a69f82e9a

2022-03-02 15:40:04.682  INFO 12648 --- [main] o.s.s.web.DefaultSecurityFilterChain     : Will secure any request with [org.springframework.security.web.context.request.async.WebAsyncManagerIntegrationFilter@4e68aede, org.springframework.security.web.context.SecurityContextPersistenceFilter@44f338ec, org.springframework.security.web.header.HeaderWriterFilter@8113ea7, org.springframework.security.web.csrf.CsrfFilter@13e5b262, org.springframework.security.web.authentication.logout.LogoutFilter@739be7ec, org.springframework.security.web.authentication.UsernamePasswordAuthenticationFilter@2da0770, org.springframework.security.web.authentication.ui.DefaultLoginPageGeneratingFilter@2b441609, org.springframework.security.web.authentication.ui.DefaultLogoutPageGeneratingFilter@586b78d7, org.springframework.security.web.authentication.www.BasicAuthenticationFilter@1e366f0f, org.springframework.security.web.savedrequest.RequestCacheAwareFilter@112a50a1, org.springframework.security.web.servletapi.SecurityContextHolderAwareRequestFilter@7fb46c10, org.springframework.security.web.authentication.AnonymousAuthenticationFilter@75882ac2, org.springframework.security.web.session.SessionManagementFilter@78e4fa1, org.springframework.security.web.access.ExceptionTranslationFilter@70dd79f7, org.springframework.security.web.access.intercept.FilterSecurityInterceptor@45b2b0ed]
2022-03-02 15:40:04.795  INFO 12648 --- [main] o.s.b.w.embedded.tomcat.TomcatWebServer  : Tomcat started on port(s): 8080 (http) with context path ''
2022-03-02 15:40:04.804  INFO 12648 --- [main] c.g.SpringGamestoreRestapiApplication    : Started SpringGamestoreRestapiApplication in 6.844 seconds (JVM running for 7.544)
2022-03-02 16:00:38.481  INFO 12648 --- [SpringApplicationShutdownHook] j.LocalContainerEntityManagerFactoryBean : Closing JPA EntityManagerFactory for persistence unit 'default'
2022-03-02 16:00:38.487  INFO 12648 --- [SpringApplicationShutdownHook] com.zaxxer.hikari.HikariDataSource       : HikariPool-1 - Shutdown initiated...
2022-03-02 16:00:38.525  INFO 12648 --- [SpringApplicationShutdownHook] com.zaxxer.hikari.HikariDataSource       : HikariPool-1 - Shutdown completed.
2022-03-02 16:00:41.831  INFO 18212 --- [main] c.g.SpringGamestoreRestapiApplication    : Starting SpringGamestoreRestapiApplication using Java 11.0.12 on Sharmila with PID 18212 (C:\Users\SharmilaS\Training\IntellijiProjects\springdemos\spring-gamestore-restapi\target\classes started by SharmilaS in C:\Users\SharmilaS\Training\IntellijiProjects\springdemos\spring-gamestore-restapi)
2022-03-02 16:00:41.835  INFO 18212 --- [main] c.g.SpringGamestoreRestapiApplication    : No active profile set, falling back to default profiles: default
2022-03-02 16:00:42.703  INFO 18212 --- [main] .s.d.r.c.RepositoryConfigurationDelegate : Bootstrapping Spring Data JPA repositories in DEFAULT mode.
2022-03-02 16:00:42.820  INFO 18212 --- [main] .s.d.r.c.RepositoryConfigurationDelegate : Finished Spring Data repository scanning in 92 ms. Found 4 JPA repository interfaces.
2022-03-02 16:00:43.785  INFO 18212 --- [main] o.s.b.w.embedded.tomcat.TomcatWebServer  : Tomcat initialized with port(s): 8080 (http)
2022-03-02 16:00:43.799  INFO 18212 --- [main] o.apache.catalina.core.StandardService   : Starting service [Tomcat]
2022-03-02 16:00:43.801  INFO 18212 --- [main] org.apache.catalina.core.StandardEngine  : Starting Servlet engine: [Apache Tomcat/9.0.55]
2022-03-02 16:00:43.913  INFO 18212 --- [main] o.a.c.c.C.[Tomcat].[localhost].[/]       : Initializing Spring embedded WebApplicationContext
2022-03-02 16:00:43.914  INFO 18212 --- [main] w.s.c.ServletWebServerApplicationContext : Root WebApplicationContext: initialization completed in 1985 ms
2022-03-02 16:00:44.149  INFO 18212 --- [main] o.hibernate.jpa.internal.util.LogHelper  : HHH000204: Processing PersistenceUnitInfo [name: default]
2022-03-02 16:00:44.212  INFO 18212 --- [main] org.hibernate.Version                    : HHH000412: Hibernate ORM core version 5.4.32.Final
2022-03-02 16:00:44.356  INFO 18212 --- [main] o.hibernate.annotations.common.Version   : HCANN000001: Hibernate Commons Annotations {5.1.2.Final}
2022-03-02 16:00:44.456  INFO 18212 --- [main] com.zaxxer.hikari.HikariDataSource       : HikariPool-1 - Starting...
2022-03-02 16:00:44.829  INFO 18212 --- [main] com.zaxxer.hikari.HikariDataSource       : HikariPool-1 - Start completed.
2022-03-02 16:00:44.849  INFO 18212 --- [main] org.hibernate.dialect.Dialect            : HHH000400: Using dialect: org.hibernate.dialect.MySQL5Dialect
2022-03-02 16:00:46.029  INFO 18212 --- [main] o.h.e.t.j.p.i.JtaPlatformInitiator       : HHH000490: Using JtaPlatform implementation: [org.hibernate.engine.transaction.jta.platform.internal.NoJtaPlatform]
2022-03-02 16:00:46.042  INFO 18212 --- [main] j.LocalContainerEntityManagerFactoryBean : Initialized JPA EntityManagerFactory for persistence unit 'default'
2022-03-02 16:00:46.886  WARN 18212 --- [main] JpaBaseConfiguration$JpaWebConfiguration : spring.jpa.open-in-view is enabled by default. Therefore, database queries may be performed during view rendering. Explicitly configure spring.jpa.open-in-view to disable this warning
2022-03-02 16:00:47.303  INFO 18212 --- [main] .s.s.UserDetailsServiceAutoConfiguration : 

Using generated security password: 44520e1b-883d-48a8-bdc5-1da83de73133

2022-03-02 16:00:47.475  INFO 18212 --- [main] o.s.s.web.DefaultSecurityFilterChain     : Will secure any request with [org.springframework.security.web.context.request.async.WebAsyncManagerIntegrationFilter@4e68aede, org.springframework.security.web.context.SecurityContextPersistenceFilter@44f338ec, org.springframework.security.web.header.HeaderWriterFilter@8113ea7, org.springframework.security.web.csrf.CsrfFilter@13e5b262, org.springframework.security.web.authentication.logout.LogoutFilter@739be7ec, org.springframework.security.web.authentication.UsernamePasswordAuthenticationFilter@2da0770, org.springframework.security.web.authentication.ui.DefaultLoginPageGeneratingFilter@2b441609, org.springframework.security.web.authentication.ui.DefaultLogoutPageGeneratingFilter@586b78d7, org.springframework.security.web.authentication.www.BasicAuthenticationFilter@1e366f0f, org.springframework.security.web.savedrequest.RequestCacheAwareFilter@112a50a1, org.springframework.security.web.servletapi.SecurityContextHolderAwareRequestFilter@7fb46c10, org.springframework.security.web.authentication.AnonymousAuthenticationFilter@75882ac2, org.springframework.security.web.session.SessionManagementFilter@78e4fa1, org.springframework.security.web.access.ExceptionTranslationFilter@70dd79f7, org.springframework.security.web.access.intercept.FilterSecurityInterceptor@45b2b0ed]
2022-03-02 16:00:47.563  INFO 18212 --- [main] o.s.b.w.embedded.tomcat.TomcatWebServer  : Tomcat started on port(s): 8080 (http) with context path ''
2022-03-02 16:00:47.573  INFO 18212 --- [main] c.g.SpringGamestoreRestapiApplication    : Started SpringGamestoreRestapiApplication in 6.489 seconds (JVM running for 7.101)
2022-03-02 16:05:35.981  INFO 18212 --- [SpringApplicationShutdownHook] j.LocalContainerEntityManagerFactoryBean : Closing JPA EntityManagerFactory for persistence unit 'default'
2022-03-02 16:05:35.987  INFO 18212 --- [SpringApplicationShutdownHook] com.zaxxer.hikari.HikariDataSource       : HikariPool-1 - Shutdown initiated...
2022-03-02 16:05:36.012  INFO 18212 --- [SpringApplicationShutdownHook] com.zaxxer.hikari.HikariDataSource       : HikariPool-1 - Shutdown completed.
2022-03-02 16:09:45.099  INFO 25712 --- [main] c.g.SpringGamestoreRestapiApplication    : Starting SpringGamestoreRestapiApplication using Java 11.0.12 on Sharmila with PID 25712 (C:\Users\SharmilaS\Training\IntellijiProjects\springdemos\spring-gamestore-restapi\target\classes started by SharmilaS in C:\Users\SharmilaS\Training\IntellijiProjects\springdemos\spring-gamestore-restapi)
2022-03-02 16:09:45.102  INFO 25712 --- [main] c.g.SpringGamestoreRestapiApplication    : No active profile set, falling back to default profiles: default
2022-03-02 16:09:46.163  INFO 25712 --- [main] .s.d.r.c.RepositoryConfigurationDelegate : Bootstrapping Spring Data JPA repositories in DEFAULT mode.
2022-03-02 16:09:46.255  INFO 25712 --- [main] .s.d.r.c.RepositoryConfigurationDelegate : Finished Spring Data repository scanning in 77 ms. Found 4 JPA repository interfaces.
2022-03-02 16:09:47.312  INFO 25712 --- [main] o.s.b.w.embedded.tomcat.TomcatWebServer  : Tomcat initialized with port(s): 8080 (http)
2022-03-02 16:09:47.327  INFO 25712 --- [main] o.apache.catalina.core.StandardService   : Starting service [Tomcat]
2022-03-02 16:09:47.328  INFO 25712 --- [main] org.apache.catalina.core.StandardEngine  : Starting Servlet engine: [Apache Tomcat/9.0.55]
2022-03-02 16:09:47.420  INFO 25712 --- [main] o.a.c.c.C.[Tomcat].[localhost].[/]       : Initializing Spring embedded WebApplicationContext
2022-03-02 16:09:47.421  INFO 25712 --- [main] w.s.c.ServletWebServerApplicationContext : Root WebApplicationContext: initialization completed in 2191 ms
2022-03-02 16:09:47.671  INFO 25712 --- [main] o.hibernate.jpa.internal.util.LogHelper  : HHH000204: Processing PersistenceUnitInfo [name: default]
2022-03-02 16:09:47.730  INFO 25712 --- [main] org.hibernate.Version                    : HHH000412: Hibernate ORM core version 5.4.32.Final
2022-03-02 16:09:47.884  INFO 25712 --- [main] o.hibernate.annotations.common.Version   : HCANN000001: Hibernate Commons Annotations {5.1.2.Final}
2022-03-02 16:09:48.010  INFO 25712 --- [main] com.zaxxer.hikari.HikariDataSource       : HikariPool-1 - Starting...
2022-03-02 16:09:48.412  INFO 25712 --- [main] com.zaxxer.hikari.HikariDataSource       : HikariPool-1 - Start completed.
2022-03-02 16:09:48.432  INFO 25712 --- [main] org.hibernate.dialect.Dialect            : HHH000400: Using dialect: org.hibernate.dialect.MySQL5Dialect
2022-03-02 16:09:49.598  INFO 25712 --- [main] o.h.e.t.j.p.i.JtaPlatformInitiator       : HHH000490: Using JtaPlatform implementation: [org.hibernate.engine.transaction.jta.platform.internal.NoJtaPlatform]
2022-03-02 16:09:49.611  INFO 25712 --- [main] j.LocalContainerEntityManagerFactoryBean : Initialized JPA EntityManagerFactory for persistence unit 'default'
2022-03-02 16:09:50.407  WARN 25712 --- [main] JpaBaseConfiguration$JpaWebConfiguration : spring.jpa.open-in-view is enabled by default. Therefore, database queries may be performed during view rendering. Explicitly configure spring.jpa.open-in-view to disable this warning
2022-03-02 16:09:50.832  INFO 25712 --- [main] .s.s.UserDetailsServiceAutoConfiguration : 

Using generated security password: f697cd3c-4b3c-4531-ad7e-40c4c02e131d

2022-03-02 16:09:50.991  INFO 25712 --- [main] o.s.s.web.DefaultSecurityFilterChain     : Will secure any request with [org.springframework.security.web.context.request.async.WebAsyncManagerIntegrationFilter@2da0770, org.springframework.security.web.context.SecurityContextPersistenceFilter@4280b20b, org.springframework.security.web.header.HeaderWriterFilter@646ddc20, org.springframework.security.web.csrf.CsrfFilter@ea40c9f, org.springframework.security.web.authentication.logout.LogoutFilter@41a3c6f5, org.springframework.security.web.authentication.UsernamePasswordAuthenticationFilter@584f4ca5, org.springframework.security.web.authentication.ui.DefaultLoginPageGeneratingFilter@4516c2ef, org.springframework.security.web.authentication.ui.DefaultLogoutPageGeneratingFilter@3efd3302, org.springframework.security.web.authentication.www.BasicAuthenticationFilter@5d260494, org.springframework.security.web.savedrequest.RequestCacheAwareFilter@4b37d1a4, org.springframework.security.web.servletapi.SecurityContextHolderAwareRequestFilter@70dd79f7, org.springframework.security.web.authentication.AnonymousAuthenticationFilter@531292ed, org.springframework.security.web.session.SessionManagementFilter@32153bbe, org.springframework.security.web.access.ExceptionTranslationFilter@893081e, org.springframework.security.web.access.intercept.FilterSecurityInterceptor@1892865f]
2022-03-02 16:09:51.090  INFO 25712 --- [main] o.s.b.w.embedded.tomcat.TomcatWebServer  : Tomcat started on port(s): 8080 (http) with context path ''
2022-03-02 16:09:51.102  INFO 25712 --- [main] c.g.SpringGamestoreRestapiApplication    : Started SpringGamestoreRestapiApplication in 6.911 seconds (JVM running for 7.541)
2022-03-02 17:16:59.359  INFO 25712 --- [SpringApplicationShutdownHook] j.LocalContainerEntityManagerFactoryBean : Closing JPA EntityManagerFactory for persistence unit 'default'
2022-03-02 17:16:59.362  INFO 25712 --- [SpringApplicationShutdownHook] com.zaxxer.hikari.HikariDataSource       : HikariPool-1 - Shutdown initiated...
2022-03-02 17:16:59.367  INFO 25712 --- [SpringApplicationShutdownHook] com.zaxxer.hikari.HikariDataSource       : HikariPool-1 - Shutdown completed.
